  MaxGoncharIZcpp.cpp
C:\Users\maxgo\source\repos\MaxGoncharIZcpp\MaxGoncharIZcpp\MaxGoncharIZcpp.cpp(18,15): warning C4267: инициализация: преобразование из "size_t" в "int"; возможна потеря данных
C:\Users\maxgo\source\repos\MaxGoncharIZcpp\MaxGoncharIZcpp\MaxGoncharIZcpp.cpp(32,11): warning C4267: инициализация: преобразование из "size_t" в "int"; возможна потеря данных
C:\Users\maxgo\source\repos\MaxGoncharIZcpp\MaxGoncharIZcpp\MaxGoncharIZcpp.cpp(34,29): warning C4267: =: преобразование из "size_t" в "int"; возможна потеря данных
C:\Users\maxgo\source\repos\MaxGoncharIZcpp\MaxGoncharIZcpp\MaxGoncharIZcpp.cpp(48,15): warning C4267: инициализация: преобразование из "size_t" в "int"; возможна потеря данных
C:\Users\maxgo\source\repos\MaxGoncharIZcpp\MaxGoncharIZcpp\MaxGoncharIZcpp.cpp(65,15): warning C4267: инициализация: преобразование из "size_t" в "int"; возможна потеря данных
C:\Users\maxgo\source\repos\MaxGoncharIZcpp\MaxGoncharIZcpp\MaxGoncharIZcpp.cpp(69,40): warning C4267: =: преобразование из "size_t" в "int"; возможна потеря данных
C:\Users\maxgo\source\repos\MaxGoncharIZcpp\MaxGoncharIZcpp\MaxGoncharIZcpp.cpp(87,15): warning C4267: инициализация: преобразование из "size_t" в "int"; возможна потеря данных
C:\Users\maxgo\source\repos\MaxGoncharIZcpp\MaxGoncharIZcpp\MaxGoncharIZcpp.cpp(90,31): warning C4267: =: преобразование из "size_t" в "int"; возможна потеря данных
C:\Users\maxgo\source\repos\MaxGoncharIZcpp\MaxGoncharIZcpp\MaxGoncharIZcpp.cpp(107,15): warning C4267: инициализация: преобразование из "size_t" в "int"; возможна потеря данных
C:\Users\maxgo\source\repos\MaxGoncharIZcpp\MaxGoncharIZcpp\MaxGoncharIZcpp.cpp(110,31): warning C4267: =: преобразование из "size_t" в "int"; возможна потеря данных
C:\Users\maxgo\source\repos\MaxGoncharIZcpp\MaxGoncharIZcpp\MaxGoncharIZcpp.cpp(112,28): warning C4267: =: преобразование из "size_t" в "int"; возможна потеря данных
C:\Users\maxgo\source\repos\MaxGoncharIZcpp\MaxGoncharIZcpp\MaxGoncharIZcpp.cpp(114,28): warning C4267: =: преобразование из "size_t" в "int"; возможна потеря данных
C:\Users\maxgo\source\repos\MaxGoncharIZcpp\MaxGoncharIZcpp\MaxGoncharIZcpp.cpp(131,15): warning C4267: инициализация: преобразование из "size_t" в "int"; возможна потеря данных
C:\Users\maxgo\source\repos\MaxGoncharIZcpp\MaxGoncharIZcpp\MaxGoncharIZcpp.cpp(133,31): warning C4267: =: преобразование из "size_t" в "int"; возможна потеря данных
C:\Users\maxgo\source\repos\MaxGoncharIZcpp\MaxGoncharIZcpp\MaxGoncharIZcpp.cpp(135,28): warning C4267: =: преобразование из "size_t" в "int"; возможна потеря данных
C:\Users\maxgo\source\repos\MaxGoncharIZcpp\MaxGoncharIZcpp\MaxGoncharIZcpp.cpp(142): warning C4715: t_u: значение возвращается не при всех путях выполнения
C:\Users\maxgo\source\repos\MaxGoncharIZcpp\MaxGoncharIZcpp\MaxGoncharIZcpp.cpp(97): warning C4715: name_u: значение возвращается не при всех путях выполнения
C:\Users\maxgo\source\repos\MaxGoncharIZcpp\MaxGoncharIZcpp\MaxGoncharIZcpp.cpp(121): warning C4715: k_u: значение возвращается не при всех путях выполнения
  MaxGoncharIZcpp.vcxproj -> C:\Users\maxgo\source\repos\MaxGoncharIZcpp\x64\Debug\MaxGoncharIZcpp.exe
